14/04/2022, 12:35:51 - INFO - Server is running on port: 3030 
14/04/2022, 14:17:28 - INFO - Server is running on port: 3030 
14/04/2022, 14:19:16 - ERROR - Failed to save task | TypeError: Cannot use 'in' operator to search for 'title' in undefined 
14/04/2022, 14:19:40 - INFO - Server is running on port: 3030 
14/04/2022, 14:20:08 - INFO - Server is running on port: 3030 
14/04/2022, 14:20:22 - INFO - Server is running on port: 3030 
14/04/2022, 14:21:15 - INFO - Server is running on port: 3030 
14/04/2022, 14:21:16 - ERROR - Failed to save task | ReferenceError: isDateType is not defined 
14/04/2022, 14:21:27 - INFO - Server is running on port: 3030 
14/04/2022, 14:21:29 - ERROR - Failed to save email | TypeError: undefined is not a function 
14/04/2022, 14:21:29 - ERROR - Failed to save task | TypeError: undefined is not a function 
14/04/2022, 14:30:29 - INFO - Server is running on port: 3030 
14/04/2022, 14:31:26 - INFO - Server is running on port: 3030 
14/04/2022, 14:32:42 - INFO - Server is running on port: 3030 
14/04/2022, 14:32:45 - ERROR - Failed to save email | TypeError: undefined is not a function 
14/04/2022, 14:32:45 - ERROR - Failed to save task | TypeError: undefined is not a function 
14/04/2022, 14:33:55 - INFO - Server is running on port: 3030 
14/04/2022, 14:34:45 - INFO - Server is running on port: 3030 
14/04/2022, 14:34:46 - ERROR - Failed to save email | TypeError: undefined is not a function 
14/04/2022, 14:34:46 - ERROR - Failed to save task | TypeError: undefined is not a function 
14/04/2022, 14:41:56 - INFO - Server is running on port: 3030 
14/04/2022, 14:42:13 - ERROR - Failed to save email | TypeError: undefined is not a function 
14/04/2022, 14:42:13 - ERROR - Failed to save task | TypeError: undefined is not a function 
14/04/2022, 14:43:43 - INFO - Server is running on port: 3030 
14/04/2022, 14:43:44 - ERROR - Failed to save email | RequestError: Incorrect syntax near 'status'. 
14/04/2022, 14:43:44 - ERROR - Failed to save task | RequestError: Incorrect syntax near 'status'. 
14/04/2022, 14:44:22 - INFO - Server is running on port: 3030 
14/04/2022, 14:44:45 - INFO - Server is running on port: 3030 
14/04/2022, 14:52:38 - INFO - Server is running on port: 3030 
14/04/2022, 14:54:17 - INFO - Server is running on port: 3030 
14/04/2022, 14:57:43 - INFO - Server is running on port: 3030 
14/04/2022, 14:57:46 - INFO - Server is running on port: 3030 
14/04/2022, 14:58:03 - INFO - Server is running on port: 3030 
14/04/2022, 14:58:44 - INFO - Server is running on port: 3030 
14/04/2022, 14:58:51 - ERROR - Failed to save email | RequestError: Column name or number of supplied values does not match table definition. 
14/04/2022, 14:58:51 - ERROR - Failed to save task | RequestError: Column name or number of supplied values does not match table definition. 
14/04/2022, 14:59:53 - INFO - Server is running on port: 3030 
14/04/2022, 14:59:59 - ERROR - Failed to save email | ReferenceError: input is not defined 
14/04/2022, 14:59:59 - ERROR - Failed to save task | ReferenceError: input is not defined 
14/04/2022, 15:00:31 - INFO - Server is running on port: 3030 
14/04/2022, 15:00:33 - ERROR - Failed to save email | RequestError: Validation failed for parameter 'createdAt'. Invalid date. 
14/04/2022, 15:00:33 - ERROR - Failed to save task | RequestError: Validation failed for parameter 'createdAt'. Invalid date. 
14/04/2022, 15:02:17 - INFO - Server is running on port: 3030 
14/04/2022, 15:02:27 - ERROR - Failed to save email | RequestError: Validation failed for parameter 'createdAt'. Invalid date. 
14/04/2022, 15:02:27 - ERROR - Failed to save task | RequestError: Validation failed for parameter 'createdAt'. Invalid date. 
14/04/2022, 17:10:11 - INFO - Server is running on port: 3030 
14/04/2022, 17:10:13 - ERROR - Failed to save email | TypeError: Cannot read properties of undefined (reading 'type') 
14/04/2022, 17:10:13 - ERROR - Failed to save task | TypeError: Cannot read properties of undefined (reading 'type') 
14/04/2022, 17:11:42 - INFO - Server is running on port: 3030 
14/04/2022, 17:11:46 - ERROR - Failed to save email | RequestError: Cannot insert an explicit value into a timestamp column. Use INSERT with a column list to exclude the timestamp column, or insert a DEFAULT into the timestamp column. 
14/04/2022, 17:11:46 - ERROR - Failed to save task | RequestError: Cannot insert an explicit value into a timestamp column. Use INSERT with a column list to exclude the timestamp column, or insert a DEFAULT into the timestamp column. 
14/04/2022, 17:36:27 - INFO - Server is running on port: 3030 
14/04/2022, 17:39:14 - INFO - Server is running on port: 3030 
14/04/2022, 20:09:30 - INFO - Server is running on port: 3030 
14/04/2022, 20:10:26 - INFO - Server is running on port: 3030 
14/04/2022, 21:58:02 - INFO - Server is running on port: 3030 
14/04/2022, 21:58:35 - ERROR - Failed to save task | RequestError: Column name or number of supplied values does not match table definition. 
14/04/2022, 21:58:35 - ERROR - Failed to save task | RequestError: Column name or number of supplied values does not match table definition. 
14/04/2022, 21:59:41 - INFO - Server is running on port: 3030 
14/04/2022, 22:00:36 - INFO - Server is running on port: 3030 
15/04/2022, 3:55:44 - INFO - Server is running on port: 3030 
15/04/2022, 13:38:20 - INFO - Server is running on port: 3030 
15/04/2022, 13:38:23 - ERROR - Failed to save task | TypeError: Cannot read properties of undefined (reading 'page') 
15/04/2022, 13:40:03 - INFO - Server is running on port: 3030 
15/04/2022, 13:40:04 - ERROR - Failed to get tasks | RequestError: Validation failed for parameter 'dateBy'. Invalid date. 
15/04/2022, 13:40:04 - ERROR - Failed to save task | RequestError: Validation failed for parameter 'dateBy'. Invalid date. 
15/04/2022, 13:41:47 - INFO - Server is running on port: 3030 
15/04/2022, 13:41:49 - ERROR - Failed to get tasks | RequestError: Validation failed for parameter 'dateBy'. Invalid date. 
15/04/2022, 13:41:49 - ERROR - Failed to save task | RequestError: Validation failed for parameter 'dateBy'. Invalid date. 
15/04/2022, 13:42:06 - INFO - Server is running on port: 3030 
15/04/2022, 13:42:07 - ERROR - Failed to get tasks | RequestError: Validation failed for parameter 'from'. Invalid date. 
15/04/2022, 13:42:07 - ERROR - Failed to save task | RequestError: Validation failed for parameter 'from'. Invalid date. 
15/04/2022, 14:15:41 - INFO - Server is running on port: 3030 
15/04/2022, 14:16:01 - ERROR - Failed to save task | TypeError: Cannot read properties of undefined (reading 'rowsAffected') 
15/04/2022, 14:16:01 - ERROR - Failed to save task | TypeError: Cannot read properties of undefined (reading 'rowsAffected') 
15/04/2022, 14:17:04 - ERROR - Failed to save task | TypeError: Cannot read properties of undefined (reading 'rowsAffected') 
15/04/2022, 14:17:04 - ERROR - Failed to save task | TypeError: Cannot read properties of undefined (reading 'rowsAffected') 
15/04/2022, 14:17:12 - INFO - Server is running on port: 3030 
15/04/2022, 14:17:13 - ERROR - Failed to save task | TypeError: Cannot read properties of undefined (reading 'rowsAffected') 
15/04/2022, 14:17:13 - ERROR - Failed to save task | TypeError: Cannot read properties of undefined (reading 'rowsAffected') 
15/04/2022, 14:17:39 - INFO - Server is running on port: 3030 
15/04/2022, 14:22:52 - INFO - Server is running on port: 3030 
15/04/2022, 14:22:56 - ERROR - Failed to save task | TypeError: Cannot read properties of undefined (reading 'rowsAffected') 
15/04/2022, 14:22:56 - ERROR - Failed to save task | TypeError: Cannot read properties of undefined (reading 'rowsAffected') 
15/04/2022, 14:28:51 - INFO - Server is running on port: 3030 
15/04/2022, 14:28:52 - ERROR - Failed to save task | {"err":true,"msg":"Parameters are not valid."} 
15/04/2022, 14:28:59 - ERROR - Failed to save task | {"err":true,"msg":"Parameters are not valid."} 
15/04/2022, 14:29:02 - ERROR - Failed to save task | {"err":true,"msg":"Parameters are not valid."} 
15/04/2022, 14:30:15 - ERROR - Failed to save task | TypeError: Cannot read properties of undefined (reading 'rowsAffected') 
15/04/2022, 14:30:15 - ERROR - Failed to save task | TypeError: Cannot read properties of undefined (reading 'rowsAffected') 
15/04/2022, 14:30:59 - INFO - Server is running on port: 3030 
15/04/2022, 14:35:31 - ERROR - Failed to save task | TypeError: Cannot read properties of undefined (reading 'rowsAffected') 
15/04/2022, 14:35:31 - ERROR - Failed to save task | TypeError: Cannot read properties of undefined (reading 'rowsAffected') 
15/04/2022, 14:35:31 - ERROR - Failed to save task | TypeError: Cannot read properties of undefined (reading 'page') 
15/04/2022, 14:42:55 - INFO - Server is running on port: 3030 
15/04/2022, 14:43:53 - ERROR - Failed to get tasks | TypeError: Cannot read properties of undefined (reading 'recordset') 
15/04/2022, 14:43:53 - ERROR - Failed to save task | TypeError: Cannot read properties of undefined (reading 'recordset') 
15/04/2022, 14:44:41 - INFO - Server is running on port: 3030 
15/04/2022, 14:48:58 - ERROR - Failed to save task | TypeError: Cannot read properties of undefined (reading 'page') 
15/04/2022, 14:49:02 - ERROR - Failed to save task | TypeError: Cannot read properties of undefined (reading 'page') 
15/04/2022, 14:49:44 - INFO - Server is running on port: 3030 
15/04/2022, 14:49:46 - ERROR - Failed to save task | TypeError: Cannot read properties of undefined (reading 'page') 
15/04/2022, 14:51:09 - INFO - Server is running on port: 3030 
15/04/2022, 14:51:19 - ERROR - Failed to save task | TypeError: Cannot read properties of undefined (reading 'page') 
15/04/2022, 14:53:38 - INFO - Server is running on port: 3030 
15/04/2022, 14:54:17 - INFO - Server is running on port: 3030 
15/04/2022, 14:55:13 - INFO - Server is running on port: 3030 
15/04/2022, 14:56:04 - INFO - Server is running on port: 3030 
15/04/2022, 14:56:54 - INFO - Server is running on port: 3030 
15/04/2022, 14:57:20 - ERROR - Failed to save task | TypeError: Cannot read properties of undefined (reading 'page') 
15/04/2022, 14:57:23 - ERROR - Failed to save task | TypeError: Cannot read properties of undefined (reading 'page') 
15/04/2022, 14:58:02 - ERROR - Failed to save task | TypeError: Cannot read properties of undefined (reading 'page') 
15/04/2022, 14:58:04 - ERROR - Failed to save task | TypeError: Cannot read properties of undefined (reading 'page') 
15/04/2022, 14:58:15 - ERROR - Failed to save task | TypeError: Cannot read properties of undefined (reading 'page') 
15/04/2022, 14:58:17 - ERROR - Failed to save task | TypeError: Cannot read properties of undefined (reading 'page') 
15/04/2022, 14:58:44 - INFO - Server is running on port: 3030 
15/04/2022, 14:58:55 - ERROR - Failed to save task | TypeError: Cannot read properties of undefined (reading 'page') 
15/04/2022, 14:59:37 - ERROR - Failed to save task | TypeError: Cannot read properties of undefined (reading 'page') 
15/04/2022, 14:59:40 - ERROR - Failed to save task | TypeError: Cannot read properties of undefined (reading 'page') 
15/04/2022, 14:59:56 - ERROR - Failed to save task | TypeError: Cannot read properties of undefined (reading 'page') 
15/04/2022, 15:01:08 - INFO - Server is running on port: 3030 
15/04/2022, 15:01:11 - ERROR - Failed to save task | TypeError: Cannot read properties of undefined (reading 'page') 
15/04/2022, 15:03:52 - INFO - Server is running on port: 3030 
15/04/2022, 15:28:08 - INFO - Server is running on port: 3030 
15/04/2022, 15:28:08 - ERROR - Failed to get tasks | ReferenceError: tasksLength is not defined 
15/04/2022, 15:28:25 - INFO - Server is running on port: 3030 
15/04/2022, 15:28:28 - ERROR - Failed to save task | TypeError: getTasksLength is not a function 
15/04/2022, 15:28:42 - INFO - Server is running on port: 3030 
15/04/2022, 15:28:55 - INFO - Server is running on port: 3030 
15/04/2022, 15:32:59 - INFO - Server is running on port: 3030 
15/04/2022, 15:33:57 - ERROR - Failed to save task | TypeError: Cannot read properties of undefined (reading 'rowsAffected') 
15/04/2022, 15:33:57 - ERROR - Failed to save task | TypeError: Cannot read properties of undefined (reading 'rowsAffected') 
15/04/2022, 15:34:52 - ERROR - Failed to save task | TypeError: Cannot read properties of undefined (reading 'rowsAffected') 
15/04/2022, 15:34:52 - ERROR - Failed to save task | TypeError: Cannot read properties of undefined (reading 'rowsAffected') 
15/04/2022, 15:35:00 - INFO - Server is running on port: 3030 
15/04/2022, 15:35:07 - ERROR - Failed to save task | TypeError: Cannot read properties of undefined (reading 'rowsAffected') 
15/04/2022, 15:35:07 - ERROR - Failed to save task | TypeError: Cannot read properties of undefined (reading 'rowsAffected') 
15/04/2022, 15:35:20 - INFO - Server is running on port: 3030 
15/04/2022, 15:35:25 - ERROR - Failed to save task | TypeError: Cannot read properties of undefined (reading 'rowsAffected') 
15/04/2022, 15:35:25 - ERROR - Failed to save task | TypeError: Cannot read properties of undefined (reading 'rowsAffected') 
15/04/2022, 15:36:36 - INFO - Server is running on port: 3030 
15/04/2022, 15:36:47 - ERROR - Failed to save task | TypeError: Cannot read properties of undefined (reading 'rowsAffected') 
15/04/2022, 15:36:47 - ERROR - Failed to save task | TypeError: Cannot read properties of undefined (reading 'rowsAffected') 
15/04/2022, 15:37:18 - INFO - Server is running on port: 3030 
15/04/2022, 15:37:26 - ERROR - Failed to save task | TypeError: Cannot read properties of undefined (reading 'rowsAffected') 
15/04/2022, 15:37:26 - ERROR - Failed to save task | TypeError: Cannot read properties of undefined (reading 'rowsAffected') 
15/04/2022, 15:37:39 - INFO - Server is running on port: 3030 
15/04/2022, 15:37:44 - ERROR - Failed to save task | TypeError: Cannot read properties of undefined (reading 'rowsAffected') 
15/04/2022, 15:37:44 - ERROR - Failed to save task | TypeError: Cannot read properties of undefined (reading 'rowsAffected') 
15/04/2022, 15:38:47 - INFO - Server is running on port: 3030 
15/04/2022, 15:38:54 - ERROR - Failed to save task | TypeError: Cannot read properties of undefined (reading 'rowsAffected') 
15/04/2022, 15:38:54 - ERROR - Failed to save task | TypeError: Cannot read properties of undefined (reading 'rowsAffected') 
15/04/2022, 15:40:08 - INFO - Server is running on port: 3030 
15/04/2022, 16:11:26 - INFO - Server is running on port: 3030 
15/04/2022, 16:14:30 - INFO - Server is running on port: 3030 
15/04/2022, 16:14:47 - INFO - Server is running on port: 3030 
15/04/2022, 16:16:17 - INFO - Server is running on port: 3030 
15/04/2022, 16:16:46 - INFO - Server is running on port: 3030 
15/04/2022, 16:17:01 - INFO - Server is running on port: 3030 
15/04/2022, 16:18:02 - INFO - Server is running on port: 3030 
15/04/2022, 16:18:23 - INFO - Server is running on port: 3030 
15/04/2022, 16:18:54 - INFO - Server is running on port: 3030 
15/04/2022, 16:18:55 - ERROR - Failed to save task | SyntaxError: Unexpected token u in JSON at position 0 
15/04/2022, 16:21:32 - INFO - Server is running on port: 3030 
15/04/2022, 16:41:39 - ERROR - Failed to save task | SyntaxError: Unexpected token u in JSON at position 0 
15/04/2022, 16:42:20 - INFO - Server is running on port: 3030 
15/04/2022, 16:42:22 - ERROR - Failed to save task | SyntaxError: Unexpected token u in JSON at position 0 
15/04/2022, 16:42:31 - INFO - Server is running on port: 3030 
15/04/2022, 16:42:32 - ERROR - Failed to save task | SyntaxError: Unexpected token u in JSON at position 0 
15/04/2022, 16:42:59 - INFO - Server is running on port: 3030 
15/04/2022, 16:44:46 - INFO - Server is running on port: 3030 
15/04/2022, 16:45:07 - INFO - Server is running on port: 3030 
15/04/2022, 16:46:45 - INFO - Server is running on port: 3030 
15/04/2022, 17:05:32 - INFO - Server is running on port: 3030 
15/04/2022, 17:05:35 - ERROR - Failed to get tasks | TypeError: Cannot read properties of undefined (reading 'recordset') 
15/04/2022, 17:05:35 - ERROR - Failed to save task | TypeError: Cannot read properties of undefined (reading 'recordset') 
15/04/2022, 17:08:22 - INFO - Server is running on port: 3030 
15/04/2022, 17:08:25 - ERROR - Failed to get tasks | TypeError: Cannot read properties of undefined (reading 'recordset') 
15/04/2022, 17:08:25 - ERROR - Failed to save task | TypeError: Cannot read properties of undefined (reading 'recordset') 
15/04/2022, 17:11:11 - INFO - Server is running on port: 3030 
15/04/2022, 17:40:00 - INFO - Server is running on port: 3030 
15/04/2022, 17:45:48 - INFO - Server is running on port: 3030 
15/04/2022, 17:46:48 - INFO - Server is running on port: 3030 
15/04/2022, 17:48:04 - INFO - Server is running on port: 3030 
15/04/2022, 17:48:22 - INFO - Server is running on port: 3030 
15/04/2022, 17:51:21 - INFO - Server is running on port: 3030 
15/04/2022, 18:09:03 - INFO - Server is running on port: 3030 
15/04/2022, 18:09:08 - INFO - Server is running on port: 3030 
15/04/2022, 18:09:11 - ERROR - Failed to get tasks | TypeError: Cannot read properties of undefined (reading 'recordset') 
15/04/2022, 18:09:11 - ERROR - Failed to save task | TypeError: Cannot read properties of undefined (reading 'recordset') 
15/04/2022, 18:09:25 - INFO - Server is running on port: 3030 
15/04/2022, 18:09:27 - ERROR - Failed to get tasks | TypeError: Cannot read properties of undefined (reading 'recordset') 
15/04/2022, 18:09:27 - ERROR - Failed to save task | TypeError: Cannot read properties of undefined (reading 'recordset') 
15/04/2022, 18:10:20 - INFO - Server is running on port: 3030 
15/04/2022, 18:10:24 - ERROR - Failed to get tasks | TypeError: Cannot read properties of undefined (reading 'recordset') 
15/04/2022, 18:10:24 - ERROR - Failed to save task | TypeError: Cannot read properties of undefined (reading 'recordset') 
15/04/2022, 18:11:25 - INFO - Server is running on port: 3030 
15/04/2022, 18:11:27 - INFO - Server is running on port: 3030 
15/04/2022, 18:13:06 - INFO - Server is running on port: 3030 
15/04/2022, 18:14:57 - INFO - Server is running on port: 3030 
15/04/2022, 19:19:02 - INFO - Server is running on port: 3030 
15/04/2022, 19:21:08 - INFO - Server is running on port: 3030 
16/04/2022, 14:29:42 - INFO - Server is running on port: 3030 
16/04/2022, 14:53:07 - INFO - Server is running on port: 3030 
16/04/2022, 14:53:10 - INFO - Server is running on port: 3030 
16/04/2022, 14:53:23 - INFO - Server is running on port: 3030 
16/04/2022, 14:54:43 - INFO - Server is running on port: 3030 
16/04/2022, 14:54:51 - ERROR - Failed to save task | SyntaxError: Unexpected token u in JSON at position 0 
16/04/2022, 14:54:58 - ERROR - Failed to save task | SyntaxError: Unexpected token u in JSON at position 0 
16/04/2022, 14:55:12 - ERROR - Failed to save task | TypeError: getTasksLength is not a function 
16/04/2022, 14:55:22 - INFO - Server is running on port: 3030 
16/04/2022, 14:55:24 - ERROR - Failed to save task | ReferenceError: getTasksInfo is not defined 
16/04/2022, 14:55:32 - INFO - Server is running on port: 3030 
16/04/2022, 14:56:29 - INFO - Server is running on port: 3030 
16/04/2022, 14:57:13 - INFO - Server is running on port: 3030 
16/04/2022, 16:24:57 - ERROR - Failed to save task | SyntaxError: Unexpected token u in JSON at position 0 
16/04/2022, 16:25:15 - ERROR - Failed to save task | SyntaxError: Unexpected token u in JSON at position 0 
16/04/2022, 16:25:18 - ERROR - Failed to save task | SyntaxError: Unexpected token u in JSON at position 0 
16/04/2022, 16:25:44 - INFO - Server is running on port: 3030 
16/04/2022, 16:25:45 - ERROR - Failed to save task | SyntaxError: Unexpected token u in JSON at position 0 
16/04/2022, 16:26:03 - INFO - Server is running on port: 3030 
16/04/2022, 16:26:04 - ERROR - Failed to save task | SyntaxError: Unexpected token u in JSON at position 0 
16/04/2022, 16:26:33 - INFO - Server is running on port: 3030 
16/04/2022, 16:26:41 - ERROR - Failed to save task | SyntaxError: Unexpected token u in JSON at position 0 
16/04/2022, 16:26:45 - ERROR - Failed to save task | SyntaxError: Unexpected token u in JSON at position 0 
16/04/2022, 16:27:44 - INFO - Server is running on port: 3030 
16/04/2022, 16:27:48 - ERROR - Failed to save task | TypeError: Cannot read properties of null (reading 'page') 
16/04/2022, 16:28:14 - INFO - Server is running on port: 3030 
16/04/2022, 16:28:20 - INFO - Server is running on port: 3030 
16/04/2022, 16:28:32 - INFO - Server is running on port: 3030 
16/04/2022, 17:30:09 - ERROR - Failed to save task | TypeError: Cannot read properties of undefined (reading 'rowsAffected') 
16/04/2022, 17:30:09 - ERROR - Failed to save task | TypeError: Cannot read properties of undefined (reading 'rowsAffected') 
17/04/2022, 9:55:10 - INFO - Server is running on port: 3030 
18/04/2022, 14:02:44 - ERROR - Failed to get tasks | TypeError: Cannot read properties of undefined (reading 'recordset') 
18/04/2022, 14:02:44 - ERROR - Failed to get tasks | TypeError: Cannot read properties of undefined (reading 'recordset') 
18/04/2022, 14:02:45 - ERROR - Failed to get tasks | TypeError: Cannot read properties of undefined (reading 'recordset') 
18/04/2022, 14:02:45 - ERROR - Failed to get tasks | TypeError: Cannot read properties of undefined (reading 'recordset') 
18/04/2022, 14:03:20 - ERROR - Failed to get tasks | TypeError: Cannot read properties of undefined (reading 'recordset') 
18/04/2022, 14:03:20 - ERROR - Failed to get tasks | TypeError: Cannot read properties of undefined (reading 'recordset') 
18/04/2022, 14:03:21 - ERROR - Failed to get tasks | TypeError: Cannot read properties of undefined (reading 'recordset') 
18/04/2022, 14:03:21 - ERROR - Failed to get tasks | TypeError: Cannot read properties of undefined (reading 'recordset') 
18/04/2022, 14:03:36 - ERROR - Failed to get tasks | TypeError: Cannot read properties of undefined (reading 'recordset') 
18/04/2022, 14:03:36 - ERROR - Failed to get tasks | TypeError: Cannot read properties of undefined (reading 'recordset') 
18/04/2022, 14:03:48 - ERROR - Failed to get tasks | TypeError: Cannot read properties of undefined (reading 'recordset') 
18/04/2022, 14:03:48 - ERROR - Failed to get tasks | TypeError: Cannot read properties of undefined (reading 'recordset') 
18/04/2022, 14:05:02 - ERROR - Failed to get tasks | TypeError: Cannot read properties of undefined (reading 'recordset') 
18/04/2022, 14:05:02 - ERROR - Failed to get tasks | TypeError: Cannot read properties of undefined (reading 'recordset') 
18/04/2022, 14:07:47 - INFO - Server is running on port: 3030 
18/04/2022, 14:08:22 - INFO - Server is running on port: 3030 
18/04/2022, 14:21:17 - INFO - Server is running on port: 3030 
18/04/2022, 14:21:21 - ERROR - Failed to get tasks | TypeError: Cannot read properties of undefined (reading 'recordset') 
18/04/2022, 14:21:21 - ERROR - Failed to get tasks | TypeError: Cannot read properties of undefined (reading 'recordset') 
18/04/2022, 14:21:38 - INFO - Server is running on port: 3030 
18/04/2022, 14:21:58 - INFO - Server is running on port: 3030 
18/04/2022, 14:22:04 - ERROR - Failed to get tasks | TypeError: Cannot read properties of undefined (reading 'recordset') 
18/04/2022, 14:22:04 - ERROR - Failed to get tasks | TypeError: Cannot read properties of undefined (reading 'recordset') 
18/04/2022, 14:22:05 - ERROR - Failed to get tasks | TypeError: Cannot read properties of undefined (reading 'recordset') 
18/04/2022, 14:22:05 - ERROR - Failed to get tasks | TypeError: Cannot read properties of undefined (reading 'recordset') 
18/04/2022, 14:22:58 - INFO - Server is running on port: 3030 
18/04/2022, 14:23:02 - ERROR - Failed to get tasks | TypeError: Cannot read properties of undefined (reading 'recordset') 
18/04/2022, 14:23:02 - ERROR - Failed to get tasks | TypeError: Cannot read properties of undefined (reading 'recordset') 
18/04/2022, 14:23:03 - ERROR - Failed to get tasks | TypeError: Cannot read properties of undefined (reading 'recordset') 
18/04/2022, 14:23:03 - ERROR - Failed to get tasks | TypeError: Cannot read properties of undefined (reading 'recordset') 
18/04/2022, 14:23:37 - INFO - Server is running on port: 3030 
18/04/2022, 14:23:38 - ERROR - Failed to get tasks | TypeError: Cannot read properties of undefined (reading 'recordset') 
18/04/2022, 14:23:38 - ERROR - Failed to get tasks | TypeError: Cannot read properties of undefined (reading 'recordset') 
18/04/2022, 14:42:40 - INFO - Server is running on port: 3030 
18/04/2022, 14:42:44 - ERROR - Failed to get tasks | TypeError: Cannot read properties of undefined (reading 'recordset') 
18/04/2022, 14:42:44 - ERROR - Failed to get tasks | TypeError: Cannot read properties of undefined (reading 'recordset') 
18/04/2022, 14:42:45 - ERROR - Failed to get tasks | TypeError: Cannot read properties of undefined (reading 'recordset') 
18/04/2022, 14:42:45 - ERROR - Failed to get tasks | TypeError: Cannot read properties of undefined (reading 'recordset') 
18/04/2022, 14:43:24 - INFO - Server is running on port: 3030 
18/04/2022, 14:43:30 - ERROR - Failed to get tasks | TypeError: Cannot read properties of undefined (reading 'recordset') 
18/04/2022, 14:43:30 - ERROR - Failed to get tasks | TypeError: Cannot read properties of undefined (reading 'recordset') 
18/04/2022, 14:43:31 - ERROR - Failed to get tasks | TypeError: Cannot read properties of undefined (reading 'recordset') 
18/04/2022, 14:43:31 - ERROR - Failed to get tasks | TypeError: Cannot read properties of undefined (reading 'recordset') 
18/04/2022, 14:45:14 - INFO - Server is running on port: 3030 
18/04/2022, 14:45:18 - ERROR - Failed to get tasks | TypeError: Cannot read properties of undefined (reading 'recordset') 
18/04/2022, 14:45:18 - ERROR - Failed to get tasks | TypeError: Cannot read properties of undefined (reading 'recordset') 
18/04/2022, 14:45:37 - ERROR - Failed to get tasks | TypeError: Cannot read properties of undefined (reading 'recordset') 
18/04/2022, 14:45:37 - ERROR - Failed to get tasks | TypeError: Cannot read properties of undefined (reading 'recordset') 
18/04/2022, 14:46:15 - ERROR - Failed to get tasks | TypeError: Cannot read properties of undefined (reading 'recordset') 
18/04/2022, 14:46:15 - ERROR - Failed to get tasks | TypeError: Cannot read properties of undefined (reading 'recordset') 
18/04/2022, 14:46:16 - ERROR - Failed to get tasks | TypeError: Cannot read properties of undefined (reading 'recordset') 
18/04/2022, 14:46:16 - ERROR - Failed to get tasks | TypeError: Cannot read properties of undefined (reading 'recordset') 
18/04/2022, 14:46:19 - ERROR - Failed to get tasks | TypeError: Cannot read properties of undefined (reading 'recordset') 
18/04/2022, 14:46:19 - ERROR - Failed to get tasks | TypeError: Cannot read properties of undefined (reading 'recordset') 
18/04/2022, 14:49:13 - ERROR - Failed to get tasks | TypeError: Cannot read properties of undefined (reading 'recordset') 
18/04/2022, 14:49:13 - ERROR - Failed to get tasks | TypeError: Cannot read properties of undefined (reading 'recordset') 
18/04/2022, 14:49:13 - ERROR - Failed to get tasks | TypeError: Cannot read properties of undefined (reading 'recordset') 
18/04/2022, 14:49:13 - ERROR - Failed to get tasks | TypeError: Cannot read properties of undefined (reading 'recordset') 
18/04/2022, 14:49:15 - ERROR - Failed to get tasks | TypeError: Cannot read properties of undefined (reading 'recordset') 
18/04/2022, 14:49:15 - ERROR - Failed to get tasks | TypeError: Cannot read properties of undefined (reading 'recordset') 
18/04/2022, 14:49:16 - ERROR - Failed to get tasks | TypeError: Cannot read properties of undefined (reading 'recordset') 
18/04/2022, 14:49:16 - ERROR - Failed to get tasks | TypeError: Cannot read properties of undefined (reading 'recordset') 
18/04/2022, 14:52:03 - ERROR - Failed to get tasks | TypeError: Cannot read properties of undefined (reading 'recordset') 
18/04/2022, 14:52:03 - ERROR - Failed to get tasks | TypeError: Cannot read properties of undefined (reading 'recordset') 
18/04/2022, 14:52:04 - ERROR - Failed to get tasks | TypeError: Cannot read properties of undefined (reading 'recordset') 
18/04/2022, 14:52:04 - ERROR - Failed to get tasks | TypeError: Cannot read properties of undefined (reading 'recordset') 
18/04/2022, 14:52:09 - ERROR - Failed to get tasks | TypeError: Cannot read properties of undefined (reading 'recordset') 
18/04/2022, 14:52:09 - ERROR - Failed to get tasks | TypeError: Cannot read properties of undefined (reading 'recordset') 
18/04/2022, 14:52:10 - ERROR - Failed to get tasks | TypeError: Cannot read properties of undefined (reading 'recordset') 
18/04/2022, 14:52:10 - ERROR - Failed to get tasks | TypeError: Cannot read properties of undefined (reading 'recordset') 
18/04/2022, 14:52:12 - ERROR - Failed to get tasks | TypeError: Cannot read properties of undefined (reading 'recordset') 
18/04/2022, 14:52:12 - ERROR - Failed to get tasks | TypeError: Cannot read properties of undefined (reading 'recordset') 
18/04/2022, 14:52:13 - ERROR - Failed to get tasks | TypeError: Cannot read properties of undefined (reading 'recordset') 
18/04/2022, 14:52:13 - ERROR - Failed to get tasks | TypeError: Cannot read properties of undefined (reading 'recordset') 
18/04/2022, 14:52:22 - ERROR - Failed to get tasks | TypeError: Cannot read properties of undefined (reading 'recordset') 
18/04/2022, 14:52:22 - ERROR - Failed to get tasks | TypeError: Cannot read properties of undefined (reading 'recordset') 
18/04/2022, 14:52:23 - ERROR - Failed to get tasks | TypeError: Cannot read properties of undefined (reading 'recordset') 
18/04/2022, 14:52:23 - ERROR - Failed to get tasks | TypeError: Cannot read properties of undefined (reading 'recordset') 
18/04/2022, 14:52:28 - ERROR - Failed to get tasks | TypeError: Cannot read properties of undefined (reading 'recordset') 
18/04/2022, 14:52:28 - ERROR - Failed to get tasks | TypeError: Cannot read properties of undefined (reading 'recordset') 
18/04/2022, 14:52:30 - ERROR - Failed to get tasks | TypeError: Cannot read properties of undefined (reading 'recordset') 
18/04/2022, 14:52:30 - ERROR - Failed to get tasks | TypeError: Cannot read properties of undefined (reading 'recordset') 
18/04/2022, 14:52:30 - ERROR - Failed to get tasks | TypeError: Cannot read properties of undefined (reading 'recordset') 
18/04/2022, 14:52:30 - ERROR - Failed to get tasks | TypeError: Cannot read properties of undefined (reading 'recordset') 
18/04/2022, 14:52:31 - ERROR - Failed to get tasks | TypeError: Cannot read properties of undefined (reading 'recordset') 
18/04/2022, 14:52:31 - ERROR - Failed to get tasks | TypeError: Cannot read properties of undefined (reading 'recordset') 
18/04/2022, 14:52:37 - ERROR - Failed to get tasks | TypeError: Cannot read properties of undefined (reading 'recordset') 
18/04/2022, 14:52:37 - ERROR - Failed to get tasks | TypeError: Cannot read properties of undefined (reading 'recordset') 
18/04/2022, 14:52:39 - ERROR - Failed to get tasks | TypeError: Cannot read properties of undefined (reading 'recordset') 
18/04/2022, 14:52:39 - ERROR - Failed to get tasks | TypeError: Cannot read properties of undefined (reading 'recordset') 
18/04/2022, 14:52:41 - ERROR - Failed to get tasks | TypeError: Cannot read properties of undefined (reading 'recordset') 
18/04/2022, 14:52:41 - ERROR - Failed to get tasks | TypeError: Cannot read properties of undefined (reading 'recordset') 
18/04/2022, 14:53:13 - ERROR - Failed to get tasks | TypeError: Cannot read properties of undefined (reading 'recordset') 
18/04/2022, 14:53:13 - ERROR - Failed to get tasks | TypeError: Cannot read properties of undefined (reading 'recordset') 
18/04/2022, 14:53:14 - ERROR - Failed to get tasks | TypeError: Cannot read properties of undefined (reading 'recordset') 
18/04/2022, 14:53:14 - ERROR - Failed to get tasks | TypeError: Cannot read properties of undefined (reading 'recordset') 
18/04/2022, 14:53:21 - ERROR - Failed to get tasks | TypeError: Cannot read properties of undefined (reading 'recordset') 
18/04/2022, 14:53:21 - ERROR - Failed to get tasks | TypeError: Cannot read properties of undefined (reading 'recordset') 
18/04/2022, 14:53:27 - ERROR - Failed to get tasks | TypeError: Cannot read properties of undefined (reading 'recordset') 
18/04/2022, 14:53:27 - ERROR - Failed to get tasks | TypeError: Cannot read properties of undefined (reading 'recordset') 
18/04/2022, 14:53:59 - ERROR - Failed to get tasks | TypeError: Cannot read properties of undefined (reading 'recordset') 
18/04/2022, 14:53:59 - ERROR - Failed to get tasks | TypeError: Cannot read properties of undefined (reading 'recordset') 
18/04/2022, 14:54:06 - ERROR - Failed to get tasks | TypeError: Cannot read properties of undefined (reading 'recordset') 
18/04/2022, 14:54:06 - ERROR - Failed to get tasks | TypeError: Cannot read properties of undefined (reading 'recordset') 
18/04/2022, 14:54:08 - ERROR - Failed to get tasks | TypeError: Cannot read properties of undefined (reading 'recordset') 
18/04/2022, 14:54:08 - ERROR - Failed to get tasks | TypeError: Cannot read properties of undefined (reading 'recordset') 
18/04/2022, 14:54:23 - ERROR - Failed to get tasks | TypeError: Cannot read properties of undefined (reading 'recordset') 
18/04/2022, 14:54:23 - ERROR - Failed to get tasks | TypeError: Cannot read properties of undefined (reading 'recordset') 
18/04/2022, 14:54:24 - ERROR - Failed to get tasks | TypeError: Cannot read properties of undefined (reading 'recordset') 
18/04/2022, 14:54:24 - ERROR - Failed to get tasks | TypeError: Cannot read properties of undefined (reading 'recordset') 
18/04/2022, 14:57:03 - ERROR - Failed to get tasks | TypeError: Cannot read properties of undefined (reading 'recordset') 
18/04/2022, 14:57:03 - ERROR - Failed to get tasks | TypeError: Cannot read properties of undefined (reading 'recordset') 
18/04/2022, 14:57:04 - ERROR - Failed to get tasks | TypeError: Cannot read properties of undefined (reading 'recordset') 
18/04/2022, 14:57:04 - ERROR - Failed to get tasks | TypeError: Cannot read properties of undefined (reading 'recordset') 
18/04/2022, 14:58:57 - ERROR - Failed to get tasks | TypeError: Cannot read properties of undefined (reading 'recordset') 
18/04/2022, 14:58:57 - ERROR - Failed to get tasks | TypeError: Cannot read properties of undefined (reading 'recordset') 
18/04/2022, 14:58:59 - ERROR - Failed to get tasks | TypeError: Cannot read properties of undefined (reading 'recordset') 
18/04/2022, 14:58:59 - ERROR - Failed to get tasks | TypeError: Cannot read properties of undefined (reading 'recordset') 
18/04/2022, 15:00:23 - ERROR - Failed to get tasks | TypeError: Cannot read properties of undefined (reading 'recordset') 
18/04/2022, 15:00:23 - ERROR - Failed to get tasks | TypeError: Cannot read properties of undefined (reading 'recordset') 
18/04/2022, 15:00:23 - ERROR - Failed to get tasks | TypeError: Cannot read properties of undefined (reading 'recordset') 
18/04/2022, 15:00:23 - ERROR - Failed to get tasks | TypeError: Cannot read properties of undefined (reading 'recordset') 
18/04/2022, 15:00:30 - ERROR - Failed to get tasks | TypeError: Cannot read properties of undefined (reading 'recordset') 
18/04/2022, 15:00:30 - ERROR - Failed to get tasks | TypeError: Cannot read properties of undefined (reading 'recordset') 
18/04/2022, 15:00:31 - ERROR - Failed to get tasks | TypeError: Cannot read properties of undefined (reading 'recordset') 
18/04/2022, 15:00:31 - ERROR - Failed to get tasks | TypeError: Cannot read properties of undefined (reading 'recordset') 
18/04/2022, 15:00:32 - ERROR - Failed to get tasks | TypeError: Cannot read properties of undefined (reading 'recordset') 
18/04/2022, 15:00:32 - ERROR - Failed to get tasks | TypeError: Cannot read properties of undefined (reading 'recordset') 
18/04/2022, 15:02:02 - ERROR - Failed to get tasks | TypeError: Cannot read properties of undefined (reading 'recordset') 
18/04/2022, 15:02:02 - ERROR - Failed to get tasks | TypeError: Cannot read properties of undefined (reading 'recordset') 
18/04/2022, 15:02:03 - ERROR - Failed to get tasks | TypeError: Cannot read properties of undefined (reading 'recordset') 
18/04/2022, 15:02:03 - ERROR - Failed to get tasks | TypeError: Cannot read properties of undefined (reading 'recordset') 
18/04/2022, 15:02:06 - ERROR - Failed to get tasks | TypeError: Cannot read properties of undefined (reading 'recordset') 
18/04/2022, 15:02:06 - ERROR - Failed to get tasks | TypeError: Cannot read properties of undefined (reading 'recordset') 
18/04/2022, 15:02:09 - ERROR - Failed to get tasks | TypeError: Cannot read properties of undefined (reading 'recordset') 
18/04/2022, 15:02:09 - ERROR - Failed to get tasks | TypeError: Cannot read properties of undefined (reading 'recordset') 
18/04/2022, 15:04:12 - ERROR - Failed to get tasks | TypeError: Cannot read properties of undefined (reading 'recordset') 
18/04/2022, 15:04:12 - ERROR - Failed to get tasks | TypeError: Cannot read properties of undefined (reading 'recordset') 
18/04/2022, 15:04:13 - ERROR - Failed to get tasks | TypeError: Cannot read properties of undefined (reading 'recordset') 
18/04/2022, 15:04:13 - ERROR - Failed to get tasks | TypeError: Cannot read properties of undefined (reading 'recordset') 
18/04/2022, 15:04:27 - ERROR - Failed to get tasks | TypeError: Cannot read properties of undefined (reading 'recordset') 
18/04/2022, 15:04:27 - ERROR - Failed to get tasks | TypeError: Cannot read properties of undefined (reading 'recordset') 
18/04/2022, 15:04:28 - ERROR - Failed to get tasks | TypeError: Cannot read properties of undefined (reading 'recordset') 
18/04/2022, 15:04:28 - ERROR - Failed to get tasks | TypeError: Cannot read properties of undefined (reading 'recordset') 
18/04/2022, 15:11:50 - ERROR - Failed to get tasks | TypeError: Cannot read properties of undefined (reading 'recordset') 
18/04/2022, 15:11:50 - ERROR - Failed to get tasks | TypeError: Cannot read properties of undefined (reading 'recordset') 
18/04/2022, 15:13:18 - ERROR - Failed to get tasks | TypeError: Cannot read properties of undefined (reading 'recordset') 
18/04/2022, 15:13:18 - ERROR - Failed to get tasks | TypeError: Cannot read properties of undefined (reading 'recordset') 
18/04/2022, 15:13:44 - ERROR - Failed to get tasks | TypeError: Cannot read properties of undefined (reading 'recordset') 
18/04/2022, 15:13:44 - ERROR - Failed to get tasks | TypeError: Cannot read properties of undefined (reading 'recordset') 
18/04/2022, 15:13:50 - ERROR - Failed to get tasks | TypeError: Cannot read properties of undefined (reading 'recordset') 
18/04/2022, 15:13:50 - ERROR - Failed to get tasks | TypeError: Cannot read properties of undefined (reading 'recordset') 
18/04/2022, 15:13:51 - ERROR - Failed to get tasks | TypeError: Cannot read properties of undefined (reading 'recordset') 
18/04/2022, 15:13:51 - ERROR - Failed to get tasks | TypeError: Cannot read properties of undefined (reading 'recordset') 
18/04/2022, 15:14:00 - ERROR - Failed to get tasks | TypeError: Cannot read properties of undefined (reading 'recordset') 
18/04/2022, 15:14:00 - ERROR - Failed to get tasks | TypeError: Cannot read properties of undefined (reading 'recordset') 
18/04/2022, 15:14:00 - ERROR - Failed to get tasks | TypeError: Cannot read properties of undefined (reading 'recordset') 
18/04/2022, 15:14:00 - ERROR - Failed to get tasks | TypeError: Cannot read properties of undefined (reading 'recordset') 
18/04/2022, 15:14:01 - ERROR - Failed to get tasks | TypeError: Cannot read properties of undefined (reading 'recordset') 
18/04/2022, 15:14:01 - ERROR - Failed to get tasks | TypeError: Cannot read properties of undefined (reading 'recordset') 
18/04/2022, 15:14:02 - ERROR - Failed to get tasks | TypeError: Cannot read properties of undefined (reading 'recordset') 
18/04/2022, 15:14:02 - ERROR - Failed to get tasks | TypeError: Cannot read properties of undefined (reading 'recordset') 
18/04/2022, 15:14:19 - ERROR - Failed to get tasks | TypeError: Cannot read properties of undefined (reading 'recordset') 
18/04/2022, 15:14:19 - ERROR - Failed to get tasks | TypeError: Cannot read properties of undefined (reading 'recordset') 
18/04/2022, 15:14:20 - ERROR - Failed to get tasks | TypeError: Cannot read properties of undefined (reading 'recordset') 
18/04/2022, 15:14:20 - ERROR - Failed to get tasks | TypeError: Cannot read properties of undefined (reading 'recordset') 
18/04/2022, 15:14:50 - ERROR - Failed to get tasks | TypeError: Cannot read properties of undefined (reading 'recordset') 
18/04/2022, 15:14:50 - ERROR - Failed to get tasks | TypeError: Cannot read properties of undefined (reading 'recordset') 
18/04/2022, 15:14:51 - ERROR - Failed to get tasks | TypeError: Cannot read properties of undefined (reading 'recordset') 
18/04/2022, 15:14:51 - ERROR - Failed to get tasks | TypeError: Cannot read properties of undefined (reading 'recordset') 
18/04/2022, 15:15:20 - ERROR - Failed to get tasks | TypeError: Cannot read properties of undefined (reading 'recordset') 
18/04/2022, 15:15:20 - ERROR - Failed to get tasks | TypeError: Cannot read properties of undefined (reading 'recordset') 
18/04/2022, 15:15:21 - ERROR - Failed to get tasks | TypeError: Cannot read properties of undefined (reading 'recordset') 
18/04/2022, 15:15:21 - ERROR - Failed to get tasks | TypeError: Cannot read properties of undefined (reading 'recordset') 
18/04/2022, 15:15:38 - ERROR - Failed to get tasks | TypeError: Cannot read properties of undefined (reading 'recordset') 
18/04/2022, 15:15:38 - ERROR - Failed to get tasks | TypeError: Cannot read properties of undefined (reading 'recordset') 
18/04/2022, 15:15:40 - ERROR - Failed to get tasks | TypeError: Cannot read properties of undefined (reading 'recordset') 
18/04/2022, 15:15:40 - ERROR - Failed to get tasks | TypeError: Cannot read properties of undefined (reading 'recordset') 
18/04/2022, 15:15:42 - ERROR - Failed to get tasks | TypeError: Cannot read properties of undefined (reading 'recordset') 
18/04/2022, 15:15:42 - ERROR - Failed to get tasks | TypeError: Cannot read properties of undefined (reading 'recordset') 
18/04/2022, 15:15:44 - ERROR - Failed to get tasks | TypeError: Cannot read properties of undefined (reading 'recordset') 
18/04/2022, 15:15:44 - ERROR - Failed to get tasks | TypeError: Cannot read properties of undefined (reading 'recordset') 
18/04/2022, 15:15:45 - ERROR - Failed to get tasks | TypeError: Cannot read properties of undefined (reading 'recordset') 
18/04/2022, 15:15:45 - ERROR - Failed to get tasks | TypeError: Cannot read properties of undefined (reading 'recordset') 
18/04/2022, 15:15:46 - ERROR - Failed to get tasks | TypeError: Cannot read properties of undefined (reading 'recordset') 
18/04/2022, 15:15:46 - ERROR - Failed to get tasks | TypeError: Cannot read properties of undefined (reading 'recordset') 
18/04/2022, 15:15:47 - ERROR - Failed to get tasks | TypeError: Cannot read properties of undefined (reading 'recordset') 
18/04/2022, 15:15:47 - ERROR - Failed to get tasks | TypeError: Cannot read properties of undefined (reading 'recordset') 
18/04/2022, 15:15:47 - ERROR - Failed to get tasks | TypeError: Cannot read properties of undefined (reading 'recordset') 
18/04/2022, 15:15:47 - ERROR - Failed to get tasks | TypeError: Cannot read properties of undefined (reading 'recordset') 
18/04/2022, 15:15:48 - ERROR - Failed to get tasks | TypeError: Cannot read properties of undefined (reading 'recordset') 
18/04/2022, 15:15:48 - ERROR - Failed to get tasks | TypeError: Cannot read properties of undefined (reading 'recordset') 
18/04/2022, 15:15:49 - ERROR - Failed to get tasks | TypeError: Cannot read properties of undefined (reading 'recordset') 
18/04/2022, 15:15:49 - ERROR - Failed to get tasks | TypeError: Cannot read properties of undefined (reading 'recordset') 
18/04/2022, 15:15:49 - ERROR - Failed to get tasks | TypeError: Cannot read properties of undefined (reading 'recordset') 
18/04/2022, 15:15:49 - ERROR - Failed to get tasks | TypeError: Cannot read properties of undefined (reading 'recordset') 
18/04/2022, 15:15:50 - ERROR - Failed to get tasks | TypeError: Cannot read properties of undefined (reading 'recordset') 
18/04/2022, 15:15:50 - ERROR - Failed to get tasks | TypeError: Cannot read properties of undefined (reading 'recordset') 
18/04/2022, 15:15:50 - ERROR - Failed to get tasks | TypeError: Cannot read properties of undefined (reading 'recordset') 
18/04/2022, 15:15:50 - ERROR - Failed to get tasks | TypeError: Cannot read properties of undefined (reading 'recordset') 
18/04/2022, 15:15:50 - ERROR - Failed to get tasks | TypeError: Cannot read properties of undefined (reading 'recordset') 
18/04/2022, 15:15:50 - ERROR - Failed to get tasks | TypeError: Cannot read properties of undefined (reading 'recordset') 
18/04/2022, 15:15:51 - ERROR - Failed to get tasks | TypeError: Cannot read properties of undefined (reading 'recordset') 
18/04/2022, 15:15:51 - ERROR - Failed to get tasks | TypeError: Cannot read properties of undefined (reading 'recordset') 
18/04/2022, 15:15:51 - ERROR - Failed to get tasks | TypeError: Cannot read properties of undefined (reading 'recordset') 
18/04/2022, 15:15:51 - ERROR - Failed to get tasks | TypeError: Cannot read properties of undefined (reading 'recordset') 
18/04/2022, 15:15:51 - ERROR - Failed to get tasks | TypeError: Cannot read properties of undefined (reading 'recordset') 
18/04/2022, 15:15:51 - ERROR - Failed to get tasks | TypeError: Cannot read properties of undefined (reading 'recordset') 
18/04/2022, 15:15:51 - ERROR - Failed to get tasks | TypeError: Cannot read properties of undefined (reading 'recordset') 
18/04/2022, 15:15:51 - ERROR - Failed to get tasks | TypeError: Cannot read properties of undefined (reading 'recordset') 
18/04/2022, 15:15:52 - ERROR - Failed to get tasks | TypeError: Cannot read properties of undefined (reading 'recordset') 
18/04/2022, 15:15:52 - ERROR - Failed to get tasks | TypeError: Cannot read properties of undefined (reading 'recordset') 
18/04/2022, 15:15:52 - ERROR - Failed to get tasks | TypeError: Cannot read properties of undefined (reading 'recordset') 
18/04/2022, 15:15:52 - ERROR - Failed to get tasks | TypeError: Cannot read properties of undefined (reading 'recordset') 
18/04/2022, 15:15:53 - ERROR - Failed to get tasks | TypeError: Cannot read properties of undefined (reading 'recordset') 
18/04/2022, 15:15:53 - ERROR - Failed to get tasks | TypeError: Cannot read properties of undefined (reading 'recordset') 
18/04/2022, 15:15:53 - ERROR - Failed to get tasks | TypeError: Cannot read properties of undefined (reading 'recordset') 
18/04/2022, 15:15:53 - ERROR - Failed to get tasks | TypeError: Cannot read properties of undefined (reading 'recordset') 
18/04/2022, 15:15:54 - ERROR - Failed to get tasks | TypeError: Cannot read properties of undefined (reading 'recordset') 
18/04/2022, 15:15:54 - ERROR - Failed to get tasks | TypeError: Cannot read properties of undefined (reading 'recordset') 
18/04/2022, 15:15:54 - ERROR - Failed to get tasks | TypeError: Cannot read properties of undefined (reading 'recordset') 
18/04/2022, 15:15:54 - ERROR - Failed to get tasks | TypeError: Cannot read properties of undefined (reading 'recordset') 
18/04/2022, 15:15:55 - ERROR - Failed to get tasks | TypeError: Cannot read properties of undefined (reading 'recordset') 
18/04/2022, 15:15:55 - ERROR - Failed to get tasks | TypeError: Cannot read properties of undefined (reading 'recordset') 
18/04/2022, 15:15:55 - ERROR - Failed to get tasks | TypeError: Cannot read properties of undefined (reading 'recordset') 
18/04/2022, 15:15:55 - ERROR - Failed to get tasks | TypeError: Cannot read properties of undefined (reading 'recordset') 
18/04/2022, 15:15:55 - ERROR - Failed to get tasks | TypeError: Cannot read properties of undefined (reading 'recordset') 
18/04/2022, 15:15:55 - ERROR - Failed to get tasks | TypeError: Cannot read properties of undefined (reading 'recordset') 
18/04/2022, 15:15:56 - ERROR - Failed to get tasks | TypeError: Cannot read properties of undefined (reading 'recordset') 
18/04/2022, 15:15:56 - ERROR - Failed to get tasks | TypeError: Cannot read properties of undefined (reading 'recordset') 
18/04/2022, 15:15:56 - ERROR - Failed to get tasks | TypeError: Cannot read properties of undefined (reading 'recordset') 
18/04/2022, 15:15:56 - ERROR - Failed to get tasks | TypeError: Cannot read properties of undefined (reading 'recordset') 
18/04/2022, 15:15:56 - ERROR - Failed to get tasks | TypeError: Cannot read properties of undefined (reading 'recordset') 
18/04/2022, 15:15:56 - ERROR - Failed to get tasks | TypeError: Cannot read properties of undefined (reading 'recordset') 
18/04/2022, 15:15:56 - ERROR - Failed to get tasks | TypeError: Cannot read properties of undefined (reading 'recordset') 
18/04/2022, 15:15:56 - ERROR - Failed to get tasks | TypeError: Cannot read properties of undefined (reading 'recordset') 
18/04/2022, 15:15:57 - ERROR - Failed to get tasks | TypeError: Cannot read properties of undefined (reading 'recordset') 
18/04/2022, 15:15:57 - ERROR - Failed to get tasks | TypeError: Cannot read properties of undefined (reading 'recordset') 
18/04/2022, 15:15:57 - ERROR - Failed to get tasks | TypeError: Cannot read properties of undefined (reading 'recordset') 
18/04/2022, 15:15:57 - ERROR - Failed to get tasks | TypeError: Cannot read properties of undefined (reading 'recordset') 
18/04/2022, 15:15:57 - ERROR - Failed to get tasks | TypeError: Cannot read properties of undefined (reading 'recordset') 
18/04/2022, 15:15:57 - ERROR - Failed to get tasks | TypeError: Cannot read properties of undefined (reading 'recordset') 
18/04/2022, 15:16:07 - ERROR - Failed to get tasks | TypeError: Cannot read properties of undefined (reading 'recordset') 
18/04/2022, 15:16:07 - ERROR - Failed to get tasks | TypeError: Cannot read properties of undefined (reading 'recordset') 
18/04/2022, 15:16:07 - ERROR - Failed to get tasks | TypeError: Cannot read properties of undefined (reading 'recordset') 
18/04/2022, 15:16:07 - ERROR - Failed to get tasks | TypeError: Cannot read properties of undefined (reading 'recordset') 
18/04/2022, 15:16:15 - ERROR - Failed to get tasks | TypeError: Cannot read properties of undefined (reading 'recordset') 
18/04/2022, 15:16:15 - ERROR - Failed to get tasks | TypeError: Cannot read properties of undefined (reading 'recordset') 
18/04/2022, 15:16:16 - ERROR - Failed to get tasks | TypeError: Cannot read properties of undefined (reading 'recordset') 
18/04/2022, 15:16:16 - ERROR - Failed to get tasks | TypeError: Cannot read properties of undefined (reading 'recordset') 
18/04/2022, 15:16:27 - ERROR - Failed to get tasks | TypeError: Cannot read properties of undefined (reading 'recordset') 
18/04/2022, 15:16:27 - ERROR - Failed to get tasks | TypeError: Cannot read properties of undefined (reading 'recordset') 
18/04/2022, 15:16:27 - ERROR - Failed to get tasks | TypeError: Cannot read properties of undefined (reading 'recordset') 
18/04/2022, 15:16:27 - ERROR - Failed to get tasks | TypeError: Cannot read properties of undefined (reading 'recordset') 
18/04/2022, 15:16:28 - ERROR - Failed to get tasks | TypeError: Cannot read properties of undefined (reading 'recordset') 
18/04/2022, 15:16:28 - ERROR - Failed to get tasks | TypeError: Cannot read properties of undefined (reading 'recordset') 
18/04/2022, 15:17:03 - ERROR - Failed to get tasks | TypeError: Cannot read properties of undefined (reading 'recordset') 
18/04/2022, 15:17:03 - ERROR - Failed to get tasks | TypeError: Cannot read properties of undefined (reading 'recordset') 
18/04/2022, 15:17:05 - ERROR - Failed to get tasks | TypeError: Cannot read properties of undefined (reading 'recordset') 
18/04/2022, 15:17:05 - ERROR - Failed to get tasks | TypeError: Cannot read properties of undefined (reading 'recordset') 
18/04/2022, 15:17:41 - ERROR - Failed to get tasks | TypeError: Cannot read properties of undefined (reading 'recordset') 
18/04/2022, 15:17:41 - ERROR - Failed to get tasks | TypeError: Cannot read properties of undefined (reading 'recordset') 
18/04/2022, 15:22:49 - ERROR - Failed to get tasks | TypeError: Cannot read properties of undefined (reading 'recordset') 
18/04/2022, 15:22:49 - ERROR - Failed to get tasks | TypeError: Cannot read properties of undefined (reading 'recordset') 
18/04/2022, 15:22:50 - ERROR - Failed to get tasks | TypeError: Cannot read properties of undefined (reading 'recordset') 
18/04/2022, 15:22:50 - ERROR - Failed to get tasks | TypeError: Cannot read properties of undefined (reading 'recordset') 
18/04/2022, 15:22:59 - ERROR - Failed to get tasks | TypeError: Cannot read properties of undefined (reading 'recordset') 
18/04/2022, 15:22:59 - ERROR - Failed to get tasks | TypeError: Cannot read properties of undefined (reading 'recordset') 
18/04/2022, 15:23:01 - ERROR - Failed to get tasks | TypeError: Cannot read properties of undefined (reading 'recordset') 
18/04/2022, 15:23:01 - ERROR - Failed to get tasks | TypeError: Cannot read properties of undefined (reading 'recordset') 
18/04/2022, 15:23:05 - ERROR - Failed to get tasks | TypeError: Cannot read properties of undefined (reading 'recordset') 
18/04/2022, 15:23:05 - ERROR - Failed to get tasks | TypeError: Cannot read properties of undefined (reading 'recordset') 
18/04/2022, 15:23:25 - ERROR - Failed to get tasks | TypeError: Cannot read properties of undefined (reading 'recordset') 
18/04/2022, 15:23:25 - ERROR - Failed to get tasks | TypeError: Cannot read properties of undefined (reading 'recordset') 
18/04/2022, 15:23:26 - ERROR - Failed to get tasks | TypeError: Cannot read properties of undefined (reading 'recordset') 
18/04/2022, 15:23:26 - ERROR - Failed to get tasks | TypeError: Cannot read properties of undefined (reading 'recordset') 
18/04/2022, 15:27:37 - ERROR - Failed to get tasks | TypeError: Cannot read properties of undefined (reading 'recordset') 
18/04/2022, 15:27:37 - ERROR - Failed to get tasks | TypeError: Cannot read properties of undefined (reading 'recordset') 
18/04/2022, 15:27:40 - ERROR - Failed to get tasks | TypeError: Cannot read properties of undefined (reading 'recordset') 
18/04/2022, 15:27:40 - ERROR - Failed to get tasks | TypeError: Cannot read properties of undefined (reading 'recordset') 
18/04/2022, 15:29:24 - INFO - Server is running on port: 3030 
18/04/2022, 15:29:50 - ERROR - Failed to get tasks | TypeError: Cannot read properties of undefined (reading 'recordset') 
18/04/2022, 15:29:50 - ERROR - Failed to get tasks | TypeError: Cannot read properties of undefined (reading 'recordset') 
18/04/2022, 15:30:34 - INFO - Server is running on port: 3030 
18/04/2022, 15:30:38 - ERROR - Failed to get tasks | TypeError: Cannot read properties of undefined (reading 'recordset') 
18/04/2022, 15:30:38 - ERROR - Failed to get tasks | TypeError: Cannot read properties of undefined (reading 'recordset') 
18/04/2022, 15:33:44 - INFO - Server is running on port: 3030 
18/04/2022, 15:33:48 - ERROR - Failed to get tasks | TypeError: Cannot read properties of undefined (reading 'recordset') 
18/04/2022, 15:33:48 - ERROR - Failed to get tasks | TypeError: Cannot read properties of undefined (reading 'recordset') 
18/04/2022, 15:33:49 - ERROR - Failed to get tasks | TypeError: Cannot read properties of undefined (reading 'recordset') 
18/04/2022, 15:33:49 - ERROR - Failed to get tasks | TypeError: Cannot read properties of undefined (reading 'recordset') 
18/04/2022, 15:35:06 - INFO - Server is running on port: 3030 
18/04/2022, 15:35:10 - ERROR - Failed to get tasks | TypeError: Cannot read properties of undefined (reading 'recordset') 
18/04/2022, 15:35:10 - ERROR - Failed to get tasks | TypeError: Cannot read properties of undefined (reading 'recordset') 
18/04/2022, 15:35:54 - INFO - Server is running on port: 3030 
18/04/2022, 15:36:00 - INFO - Server is running on port: 3030 
18/04/2022, 15:48:27 - INFO - Server is running on port: 3030 
18/04/2022, 15:48:30 - ERROR - Failed to get tasks | TypeError: Cannot read properties of undefined (reading 'date') 
18/04/2022, 15:48:30 - ERROR - Failed to get tasks | TypeError: Cannot read properties of undefined (reading 'date') 
18/04/2022, 15:49:14 - INFO - Server is running on port: 3030 
18/04/2022, 15:49:16 - ERROR - Failed to get tasks | TypeError: Cannot read properties of undefined (reading 'date') 
18/04/2022, 15:49:16 - ERROR - Failed to get tasks | TypeError: Cannot read properties of undefined (reading 'date') 
18/04/2022, 15:49:43 - ERROR - Failed to get tasks | TypeError: Cannot read properties of undefined (reading 'date') 
18/04/2022, 15:49:43 - ERROR - Failed to get tasks | TypeError: Cannot read properties of undefined (reading 'date') 
18/04/2022, 15:50:40 - INFO - Server is running on port: 3030 
18/04/2022, 15:50:41 - ERROR - Failed to get tasks | TypeError: Cannot read properties of undefined (reading 'date') 
18/04/2022, 15:50:41 - ERROR - Failed to get tasks | TypeError: Cannot read properties of undefined (reading 'date') 
18/04/2022, 15:51:27 - INFO - Server is running on port: 3030 
18/04/2022, 15:51:27 - ERROR - Failed to get tasks | TypeError: Cannot read properties of undefined (reading 'recordset') 
18/04/2022, 15:51:27 - ERROR - Failed to get tasks | TypeError: Cannot read properties of undefined (reading 'recordset') 
18/04/2022, 15:51:28 - ERROR - Failed to get tasks | TypeError: Cannot read properties of undefined (reading 'recordset') 
18/04/2022, 15:51:28 - ERROR - Failed to get tasks | TypeError: Cannot read properties of undefined (reading 'recordset') 
18/04/2022, 15:52:10 - INFO - Server is running on port: 3030 
18/04/2022, 15:52:14 - INFO - Server is running on port: 3030 
18/04/2022, 15:52:15 - ERROR - Failed to get tasks | TypeError: Cannot read properties of undefined (reading 'recordset') 
18/04/2022, 15:52:15 - ERROR - Failed to get tasks | TypeError: Cannot read properties of undefined (reading 'recordset') 
18/04/2022, 15:52:55 - INFO - Server is running on port: 3030 
18/04/2022, 15:52:59 - ERROR - Failed to get tasks | TypeError: Cannot read properties of undefined (reading 'recordset') 
18/04/2022, 15:52:59 - ERROR - Failed to get tasks | TypeError: Cannot read properties of undefined (reading 'recordset') 
18/04/2022, 15:53:57 - INFO - Server is running on port: 3030 
18/04/2022, 15:53:57 - ERROR - Failed to get tasks | TypeError: Cannot read properties of undefined (reading 'recordset') 
18/04/2022, 15:53:57 - ERROR - Failed to get tasks | TypeError: Cannot read properties of undefined (reading 'recordset') 
18/04/2022, 15:54:19 - INFO - Server is running on port: 3030 
18/04/2022, 15:54:20 - ERROR - Failed to get tasks | TypeError: Cannot read properties of undefined (reading 'recordset') 
18/04/2022, 15:54:20 - ERROR - Failed to get tasks | TypeError: Cannot read properties of undefined (reading 'recordset') 
18/04/2022, 15:54:21 - ERROR - Failed to get tasks | TypeError: Cannot read properties of undefined (reading 'recordset') 
18/04/2022, 15:54:21 - ERROR - Failed to get tasks | TypeError: Cannot read properties of undefined (reading 'recordset') 
18/04/2022, 16:03:00 - INFO - Server is running on port: 3030 
18/04/2022, 16:05:42 - INFO - Server is running on port: 3030 
18/04/2022, 16:07:38 - ERROR - Failed to get tasks | TypeError: Cannot read properties of undefined (reading 'recordset') 
18/04/2022, 16:07:38 - ERROR - Failed to get tasks | TypeError: Cannot read properties of undefined (reading 'recordset') 
18/04/2022, 16:08:02 - INFO - Server is running on port: 3030 
18/04/2022, 16:08:07 - ERROR - Failed to get tasks | TypeError: Cannot read properties of undefined (reading 'recordset') 
18/04/2022, 16:08:07 - ERROR - Failed to get tasks | TypeError: Cannot read properties of undefined (reading 'recordset') 
18/04/2022, 16:08:47 - ERROR - Failed to get tasks | TypeError: Cannot read properties of undefined (reading 'recordset') 
18/04/2022, 16:08:47 - ERROR - Failed to get tasks | TypeError: Cannot read properties of undefined (reading 'recordset') 
18/04/2022, 16:13:51 - ERROR - Failed to get tasks | TypeError: Cannot read properties of undefined (reading 'recordset') 
18/04/2022, 16:13:51 - ERROR - Failed to get tasks | TypeError: Cannot read properties of undefined (reading 'recordset') 
18/04/2022, 16:13:53 - ERROR - Failed to get tasks | TypeError: Cannot read properties of undefined (reading 'recordset') 
18/04/2022, 16:13:53 - ERROR - Failed to get tasks | TypeError: Cannot read properties of undefined (reading 'recordset') 
18/04/2022, 16:21:55 - ERROR - Failed to get tasks | TypeError: Cannot read properties of undefined (reading 'recordset') 
18/04/2022, 16:21:55 - ERROR - Failed to get tasks | TypeError: Cannot read properties of undefined (reading 'recordset') 
18/04/2022, 16:22:00 - INFO - Server is running on port: 3030 
18/04/2022, 16:24:35 - INFO - Server is running on port: 3030 
18/04/2022, 18:34:01 - INFO - Server is running on port: 3030 
18/04/2022, 18:34:18 - ERROR - Failed to get tasks | TypeError: Cannot read properties of undefined (reading 'recordset') 
18/04/2022, 18:34:18 - ERROR - Failed to get tasks | TypeError: Cannot read properties of undefined (reading 'recordset') 
18/04/2022, 18:34:23 - ERROR - Failed to get tasks | TypeError: Cannot read properties of undefined (reading 'recordset') 
18/04/2022, 18:34:23 - ERROR - Failed to get tasks | TypeError: Cannot read properties of undefined (reading 'recordset') 
18/04/2022, 18:34:44 - INFO - Server is running on port: 3030 
18/04/2022, 18:35:07 - INFO - Server is running on port: 3030 
18/04/2022, 19:09:07 - INFO - Server is running on port: 3030 
18/04/2022, 19:18:54 - INFO - Server is running on port: 3030 
18/04/2022, 19:18:56 - ERROR - Failed to get tasks | ReferenceError: from is not defined 
18/04/2022, 19:21:03 - INFO - Server is running on port: 3030 
18/04/2022, 19:21:06 - ERROR - Failed to get tasks | RangeError: Invalid time value 
18/04/2022, 19:21:28 - INFO - Server is running on port: 3030 
18/04/2022, 19:21:28 - ERROR - Failed to get tasks | RangeError: Invalid time value 
18/04/2022, 19:21:54 - INFO - Server is running on port: 3030 
18/04/2022, 19:21:54 - ERROR - Failed to get tasks | RangeError: Invalid time value 
18/04/2022, 19:22:55 - INFO - Server is running on port: 3030 
18/04/2022, 19:22:56 - ERROR - Failed to get tasks | ReferenceError: from is not defined 
18/04/2022, 19:22:56 - ERROR - Failed to get tasks | ReferenceError: from is not defined 
18/04/2022, 19:23:29 - INFO - Server is running on port: 3030 
18/04/2022, 19:23:30 - ERROR - Failed to get tasks | RangeError: Invalid time value 
18/04/2022, 19:23:30 - ERROR - Failed to get tasks | RangeError: Invalid time value 
18/04/2022, 19:23:51 - INFO - Server is running on port: 3030 
18/04/2022, 19:23:52 - ERROR - Failed to get tasks | RangeError: Invalid time value 
18/04/2022, 19:23:52 - ERROR - Failed to get tasks | RangeError: Invalid time value 
18/04/2022, 19:24:59 - INFO - Server is running on port: 3030 
18/04/2022, 19:28:42 - INFO - Server is running on port: 3030 
18/04/2022, 19:29:11 - INFO - Server is running on port: 3030 
18/04/2022, 19:31:53 - INFO - Server is running on port: 3030 
19/04/2022, 12:17:30 - INFO - Server is running on port: 3030 
19/04/2022, 12:17:30 - ERROR - Failed to get tasks | TypeError: Cannot read properties of undefined (reading 'recordset') 
19/04/2022, 12:17:30 - ERROR - Failed to get tasks | TypeError: Cannot read properties of undefined (reading 'recordset') 
19/04/2022, 12:17:36 - ERROR - Failed to get tasks | TypeError: Cannot read properties of undefined (reading 'recordset') 
19/04/2022, 12:17:36 - ERROR - Failed to get tasks | TypeError: Cannot read properties of undefined (reading 'recordset') 
19/04/2022, 12:18:08 - INFO - Server is running on port: 3030 
19/04/2022, 12:21:02 - ERROR - Failed to get tasks | RangeError: Invalid time value 
19/04/2022, 12:21:02 - ERROR - Failed to get tasks | RangeError: Invalid time value 
19/04/2022, 12:21:02 - ERROR - Failed to get tasks | RangeError: Invalid time value 
19/04/2022, 12:21:02 - ERROR - Failed to get tasks | RangeError: Invalid time value 
19/04/2022, 12:21:09 - ERROR - Failed to get tasks | RangeError: Invalid time value 
19/04/2022, 12:21:09 - ERROR - Failed to get tasks | RangeError: Invalid time value 
19/04/2022, 12:21:10 - ERROR - Failed to get tasks | RangeError: Invalid time value 
19/04/2022, 12:21:10 - ERROR - Failed to get tasks | RangeError: Invalid time value 
19/04/2022, 12:21:11 - ERROR - Failed to get tasks | RangeError: Invalid time value 
19/04/2022, 12:21:11 - ERROR - Failed to get tasks | RangeError: Invalid time value 
19/04/2022, 12:21:12 - ERROR - Failed to get tasks | RangeError: Invalid time value 
19/04/2022, 12:21:12 - ERROR - Failed to get tasks | RangeError: Invalid time value 
19/04/2022, 12:21:12 - ERROR - Failed to get tasks | RangeError: Invalid time value 
19/04/2022, 12:21:12 - ERROR - Failed to get tasks | RangeError: Invalid time value 
19/04/2022, 12:21:13 - ERROR - Failed to get tasks | RangeError: Invalid time value 
19/04/2022, 12:21:13 - ERROR - Failed to get tasks | RangeError: Invalid time value 
19/04/2022, 12:21:13 - ERROR - Failed to get tasks | RangeError: Invalid time value 
19/04/2022, 12:21:13 - ERROR - Failed to get tasks | RangeError: Invalid time value 
19/04/2022, 12:21:13 - ERROR - Failed to get tasks | RangeError: Invalid time value 
19/04/2022, 12:21:13 - ERROR - Failed to get tasks | RangeError: Invalid time value 
19/04/2022, 12:21:14 - ERROR - Failed to get tasks | RangeError: Invalid time value 
19/04/2022, 12:21:14 - ERROR - Failed to get tasks | RangeError: Invalid time value 
19/04/2022, 12:50:00 - ERROR - Failed to get tasks | RangeError: Invalid time value 
19/04/2022, 12:50:00 - ERROR - Failed to get tasks | RangeError: Invalid time value 
19/04/2022, 12:54:32 - ERROR - Failed to save task | TypeError: Cannot read properties of undefined (reading 'rowsAffected') 
19/04/2022, 12:54:32 - ERROR - Failed to save task | TypeError: Cannot read properties of undefined (reading 'rowsAffected') 
19/04/2022, 12:54:41 - ERROR - Failed to save task | TypeError: Cannot read properties of undefined (reading 'rowsAffected') 
19/04/2022, 12:54:41 - ERROR - Failed to save task | TypeError: Cannot read properties of undefined (reading 'rowsAffected') 
19/04/2022, 12:56:26 - ERROR - Failed to save task | TypeError: Cannot read properties of undefined (reading 'rowsAffected') 
19/04/2022, 12:56:26 - ERROR - Failed to save task | TypeError: Cannot read properties of undefined (reading 'rowsAffected') 
19/04/2022, 12:57:08 - INFO - Server is running on port: 3030 
19/04/2022, 12:57:22 - ERROR - Failed to save task | TypeError: Cannot read properties of undefined (reading 'rowsAffected') 
19/04/2022, 12:57:22 - ERROR - Failed to save task | TypeError: Cannot read properties of undefined (reading 'rowsAffected') 
19/04/2022, 12:57:58 - INFO - Server is running on port: 3030 
19/04/2022, 13:25:33 - INFO - Server is running on port: 3030 
19/04/2022, 13:26:32 - ERROR - Failed to get tasks | RangeError: Invalid time value 
19/04/2022, 13:26:32 - ERROR - Failed to get tasks | RangeError: Invalid time value 
19/04/2022, 13:26:50 - ERROR - Failed to get tasks | RangeError: Invalid time value 
19/04/2022, 13:26:50 - ERROR - Failed to get tasks | RangeError: Invalid time value 
19/04/2022, 13:27:07 - ERROR - Failed to get tasks | RangeError: Invalid time value 
19/04/2022, 13:27:07 - ERROR - Failed to get tasks | RangeError: Invalid time value 
19/04/2022, 13:27:26 - ERROR - Failed to get tasks | RangeError: Invalid time value 
19/04/2022, 13:27:26 - ERROR - Failed to get tasks | RangeError: Invalid time value 
19/04/2022, 13:27:29 - ERROR - Failed to get tasks | RangeError: Invalid time value 
19/04/2022, 13:27:29 - ERROR - Failed to get tasks | RangeError: Invalid time value 
19/04/2022, 13:28:48 - ERROR - Failed to get tasks | RangeError: Invalid time value 
19/04/2022, 13:28:48 - ERROR - Failed to get tasks | RangeError: Invalid time value 
19/04/2022, 14:23:32 - INFO - Server is running on port: 3030 
19/04/2022, 14:24:26 - INFO - Server is running on port: 3030 
19/04/2022, 14:28:39 - INFO - Server is running on port: 3030 
19/04/2022, 14:47:39 - INFO - Server is running on port: 3030 
19/04/2022, 15:18:35 - INFO - Server is running on port: 3030 
19/04/2022, 15:18:42 - ERROR - Failed to get task | TypeError: Cannot read properties of undefined (reading 'recordset') 
19/04/2022, 15:18:42 - ERROR - Failed to get tasks | TypeError: Cannot read properties of undefined (reading 'recordset') 
19/04/2022, 15:18:42 - ERROR - Failed to delete task | TypeError: Cannot read properties of undefined (reading 'recordset') 
19/04/2022, 15:18:55 - ERROR - Failed to get task | TypeError: Cannot read properties of undefined (reading 'recordset') 
19/04/2022, 15:18:55 - ERROR - Failed to get tasks | TypeError: Cannot read properties of undefined (reading 'recordset') 
19/04/2022, 15:18:55 - ERROR - Failed to delete task | TypeError: Cannot read properties of undefined (reading 'recordset') 
19/04/2022, 15:19:15 - INFO - Server is running on port: 3030 
19/04/2022, 15:19:16 - ERROR - Failed to delete task | {"err":true,"msg":"You can not delete task with due date larger than 6 days."} 
19/04/2022, 15:25:19 - INFO - Server is running on port: 3030 
19/04/2022, 15:25:50 - ERROR - Failed to get tasks | ReferenceError: from is not defined 
19/04/2022, 15:25:50 - ERROR - Failed to get tasks | ReferenceError: from is not defined 
19/04/2022, 15:26:23 - ERROR - Failed to get tasks | ReferenceError: from is not defined 
19/04/2022, 15:26:23 - ERROR - Failed to get tasks | ReferenceError: from is not defined 
19/04/2022, 15:26:26 - ERROR - Failed to get tasks | ReferenceError: from is not defined 
19/04/2022, 15:26:26 - ERROR - Failed to get tasks | ReferenceError: from is not defined 
19/04/2022, 15:26:37 - INFO - Server is running on port: 3030 
19/04/2022, 15:52:02 - ERROR - Failed to get tasks | TypeError: Cannot read properties of undefined (reading 'recordset') 
19/04/2022, 15:52:02 - ERROR - Failed to get tasks | TypeError: Cannot read properties of undefined (reading 'recordset') 
19/04/2022, 15:52:04 - ERROR - Failed to get tasks | TypeError: Cannot read properties of undefined (reading 'recordset') 
19/04/2022, 15:52:04 - ERROR - Failed to get tasks | TypeError: Cannot read properties of undefined (reading 'recordset') 
19/04/2022, 15:52:05 - ERROR - Failed to get tasks | TypeError: Cannot read properties of undefined (reading 'recordset') 
19/04/2022, 15:52:05 - ERROR - Failed to get tasks | TypeError: Cannot read properties of undefined (reading 'recordset') 
19/04/2022, 15:52:06 - ERROR - Failed to get tasks | TypeError: Cannot read properties of undefined (reading 'recordset') 
19/04/2022, 15:52:06 - ERROR - Failed to get tasks | TypeError: Cannot read properties of undefined (reading 'recordset') 
19/04/2022, 15:52:07 - ERROR - Failed to get tasks | TypeError: Cannot read properties of undefined (reading 'recordset') 
19/04/2022, 15:52:07 - ERROR - Failed to get tasks | TypeError: Cannot read properties of undefined (reading 'recordset') 
19/04/2022, 15:52:09 - ERROR - Failed to get tasks | TypeError: Cannot read properties of undefined (reading 'recordset') 
19/04/2022, 15:52:09 - ERROR - Failed to get tasks | TypeError: Cannot read properties of undefined (reading 'recordset') 
19/04/2022, 15:52:11 - ERROR - Failed to get tasks | TypeError: Cannot read properties of undefined (reading 'recordset') 
19/04/2022, 15:52:11 - ERROR - Failed to get tasks | TypeError: Cannot read properties of undefined (reading 'recordset') 
19/04/2022, 18:56:57 - INFO - Server is running on port: 3030 
19/04/2022, 18:57:31 - INFO - Server is running on port: 3030 
19/04/2022, 23:32:55 - INFO - Server is running on port: 3030 
19/04/2022, 23:44:06 - ERROR - Failed to get tasks | TypeError: Cannot read properties of undefined (reading 'recordset') 
19/04/2022, 23:44:07 - ERROR - Failed to get tasks | TypeError: Cannot read properties of undefined (reading 'recordset') 
19/04/2022, 23:44:09 - ERROR - Failed to get tasks | TypeError: Cannot read properties of undefined (reading 'recordset') 
19/04/2022, 23:44:09 - ERROR - Failed to get tasks | TypeError: Cannot read properties of undefined (reading 'recordset') 
19/04/2022, 23:45:25 - ERROR - Failed to save task | TypeError: Cannot read properties of undefined (reading 'rowsAffected') 
19/04/2022, 23:45:25 - ERROR - Failed to save task | TypeError: Cannot read properties of undefined (reading 'rowsAffected') 
19/04/2022, 23:45:32 - INFO - Server is running on port: 3030 
19/04/2022, 23:46:16 - ERROR - Failed to save task | TypeError: Cannot read properties of undefined (reading 'rowsAffected') 
19/04/2022, 23:46:16 - ERROR - Failed to save task | TypeError: Cannot read properties of undefined (reading 'rowsAffected') 
19/04/2022, 23:57:49 - ERROR - Failed to save task | TypeError: Cannot read properties of undefined (reading 'rowsAffected') 
19/04/2022, 23:57:49 - ERROR - Failed to save task | TypeError: Cannot read properties of undefined (reading 'rowsAffected') 
19/04/2022, 23:58:18 - ERROR - Failed to save task | TypeError: Cannot read properties of undefined (reading 'rowsAffected') 
19/04/2022, 23:58:18 - ERROR - Failed to save task | TypeError: Cannot read properties of undefined (reading 'rowsAffected') 
20/04/2022, 0:09:42 - INFO - Server is running on port: 3030 
20/04/2022, 0:18:13 - INFO - Server is running on port: 3030 
